This is pdfTeX, Version 3.141592653-2.6-1.40.25 (TeX Live 2023/Debian) (preloaded format=pdflatex 2026.4.18)  21 APR 2026 14:56
entering extended mode
 restricted \write18 enabled.
 %&-line parsing enabled.
**user_manual.tex
(./user_manual.tex
LaTeX2e <2023-11-01> patch level 1
L3 programming layer <2024-01-22>
(/usr/share/texlive/texmf-dist/tex/latex/base/article.cls
Document Class: article 2023/05/17 v1.4n Standard LaTeX document class
(/usr/share/texlive/texmf-dist/tex/latex/base/size10.clo
File: size10.clo 2023/05/17 v1.4n Standard LaTeX file (size option)
)
\c@part=\count187
\c@section=\count188
\c@subsection=\count189
\c@subsubsection=\count190
\c@paragraph=\count191
\c@subparagraph=\count192
\c@figure=\count193
\c@table=\count194
\abovecaptionskip=\skip48
\belowcaptionskip=\skip49
\bibindent=\dimen140
)
(/usr/share/texlive/texmf-dist/tex/latex/base/fontenc.sty
Package: fontenc 2021/04/29 v2.0v Standard LaTeX package
)
(/usr/share/texlive/texmf-dist/tex/generic/babel/babel.sty
Package: babel 2024/01/07 v24.1 The Babel package
\babel@savecnt=\count195
\U@D=\dimen141
\l@unhyphenated=\language5

(/usr/share/texlive/texmf-dist/tex/generic/babel/txtbabel.def)
\bbl@readstream=\read2
\bbl@dirlevel=\count196

(/usr/share/texlive/texmf-dist/tex/generic/babel-english/english.ldf
Language: english 2017/06/06 v3.3r English support from the babel system
Package babel Info: Hyphen rules for 'british' set to \l@english
(babel)             (\language0). Reported on input line 82.
Package babel Info: Hyphen rules for 'UKenglish' set to \l@english
(babel)             (\language0). Reported on input line 83.
Package babel Info: Hyphen rules for 'canadian' set to \l@english
(babel)             (\language0). Reported on input line 102.
Package babel Info: Hyphen rules for 'australian' set to \l@english
(babel)             (\language0). Reported on input line 105.
Package babel Info: Hyphen rules for 'newzealand' set to \l@english
(babel)             (\language0). Reported on input line 108.
))
(/usr/share/texlive/texmf-dist/tex/generic/babel/locale/en/babel-english.tex
Package babel Info: Importing font and identification data for english
(babel)             from babel-en.ini. Reported on input line 11.
)
(/usr/share/texlive/texmf-dist/tex/latex/isodate/isodate.sty
Package: isodate 2010/01/03 v2.30 Print dates with different formats (HH)

(/usr/share/texlive/texmf-dist/tex/latex/base/ifthen.sty
Package: ifthen 2022/04/13 v1.1d Standard LaTeX ifthen package (DPC)
)
(/usr/share/texlive/texmf-dist/tex/latex/substr/substr.sty
Package: substr 2009/10/20 v1.2 Handle substrings
\c@su@anzahl=\count197
)
(/usr/share/texlive/texmf-dist/tex/latex/isodate/english.idf
File: english.idf 2010/01/03 v2.30 Language definitions for isodate package (HH
)

Define commands for English date format
)
\c@iso@tmpmonth=\count198
\c@iso@yeartwo=\count199
\c@iso@slash=\count266
\c@iso@minus=\count267
\c@iso@dot=\count268
\c@iso@@slash=\count269
\c@iso@@minus=\count270
\c@iso@@dot=\count271
) (/usr/share/texlive/texmf-dist/tex/latex/parskip/parskip.sty
Package: parskip 2021-03-14 v2.0h non-zero parskip adjustments

(/usr/share/texlive/texmf-dist/tex/latex/kvoptions/kvoptions.sty
Package: kvoptions 2022-06-15 v3.15 Key value format for package options (HO)

(/usr/share/texlive/texmf-dist/tex/latex/graphics/keyval.sty
Package: keyval 2022/05/29 v1.15 key=value parser (DPC)
\KV@toks@=\toks17
)
(/usr/share/texlive/texmf-dist/tex/generic/ltxcmds/ltxcmds.sty
Package: ltxcmds 2023-12-04 v1.26 LaTeX kernel commands for general use (HO)
)
(/usr/share/texlive/texmf-dist/tex/latex/kvsetkeys/kvsetkeys.sty
Package: kvsetkeys 2022-10-05 v1.19 Key value parser (HO)
))
(/usr/share/texlive/texmf-dist/tex/latex/etoolbox/etoolbox.sty
Package: etoolbox 2020/10/05 v2.5k e-TeX tools for LaTeX (JAW)
\etb@tempcnta=\count272
))
(/usr/share/texlive/texmf-dist/tex/latex/geometry/geometry.sty
Package: geometry 2020/01/02 v5.9 Page Geometry

(/usr/share/texlive/texmf-dist/tex/generic/iftex/ifvtex.sty
Package: ifvtex 2019/10/25 v1.7 ifvtex legacy package. Use iftex instead.

(/usr/share/texlive/texmf-dist/tex/generic/iftex/iftex.sty
Package: iftex 2022/02/03 v1.0f TeX engine tests
))
\Gm@cnth=\count273
\Gm@cntv=\count274
\c@Gm@tempcnt=\count275
\Gm@bindingoffset=\dimen142
\Gm@wd@mp=\dimen143
\Gm@odd@mp=\dimen144
\Gm@even@mp=\dimen145
\Gm@layoutwidth=\dimen146
\Gm@layoutheight=\dimen147
\Gm@layouthoffset=\dimen148
\Gm@layoutvoffset=\dimen149
\Gm@dimlist=\toks18
)
(/usr/share/texlive/texmf-dist/tex/latex/graphics/graphicx.sty
Package: graphicx 2021/09/16 v1.2d Enhanced LaTeX Graphics (DPC,SPQR)

(/usr/share/texlive/texmf-dist/tex/latex/graphics/graphics.sty
Package: graphics 2022/03/10 v1.4e Standard LaTeX Graphics (DPC,SPQR)

(/usr/share/texlive/texmf-dist/tex/latex/graphics/trig.sty
Package: trig 2021/08/11 v1.11 sin cos tan (DPC)
)
(/usr/share/texlive/texmf-dist/tex/latex/graphics-cfg/graphics.cfg
File: graphics.cfg 2016/06/04 v1.11 sample graphics configuration
)
Package graphics Info: Driver file: pdftex.def on input line 107.

(/usr/share/texlive/texmf-dist/tex/latex/graphics-def/pdftex.def
File: pdftex.def 2022/09/22 v1.2b Graphics/color driver for pdftex
))
\Gin@req@height=\dimen150
\Gin@req@width=\dimen151
)
(/usr/share/texlive/texmf-dist/tex/latex/amsmath/amsmath.sty
Package: amsmath 2023/05/13 v2.17o AMS math features
\@mathmargin=\skip50

For additional information on amsmath, use the `?' option.
(/usr/share/texlive/texmf-dist/tex/latex/amsmath/amstext.sty
Package: amstext 2021/08/26 v2.01 AMS text

(/usr/share/texlive/texmf-dist/tex/latex/amsmath/amsgen.sty
File: amsgen.sty 1999/11/30 v2.0 generic functions
\@emptytoks=\toks19
\ex@=\dimen152
))
(/usr/share/texlive/texmf-dist/tex/latex/amsmath/amsbsy.sty
Package: amsbsy 1999/11/29 v1.2d Bold Symbols
\pmbraise@=\dimen153
)
(/usr/share/texlive/texmf-dist/tex/latex/amsmath/amsopn.sty
Package: amsopn 2022/04/08 v2.04 operator names
)
\inf@bad=\count276
LaTeX Info: Redefining \frac on input line 234.
\uproot@=\count277
\leftroot@=\count278
LaTeX Info: Redefining \overline on input line 399.
LaTeX Info: Redefining \colon on input line 410.
\classnum@=\count279
\DOTSCASE@=\count280
LaTeX Info: Redefining \ldots on input line 496.
LaTeX Info: Redefining \dots on input line 499.
LaTeX Info: Redefining \cdots on input line 620.
\Mathstrutbox@=\box51
\strutbox@=\box52
LaTeX Info: Redefining \big on input line 722.
LaTeX Info: Redefining \Big on input line 723.
LaTeX Info: Redefining \bigg on input line 724.
LaTeX Info: Redefining \Bigg on input line 725.
\big@size=\dimen154
LaTeX Font Info:    Redeclaring font encoding OML on input line 743.
LaTeX Font Info:    Redeclaring font encoding OMS on input line 744.
\macc@depth=\count281
LaTeX Info: Redefining \bmod on input line 905.
LaTeX Info: Redefining \pmod on input line 910.
LaTeX Info: Redefining \smash on input line 940.
LaTeX Info: Redefining \relbar on input line 970.
LaTeX Info: Redefining \Relbar on input line 971.
\c@MaxMatrixCols=\count282
\dotsspace@=\muskip16
\c@parentequation=\count283
\dspbrk@lvl=\count284
\tag@help=\toks20
\row@=\count285
\column@=\count286
\maxfields@=\count287
\andhelp@=\toks21
\eqnshift@=\dimen155
\alignsep@=\dimen156
\tagshift@=\dimen157
\tagwidth@=\dimen158
\totwidth@=\dimen159
\lineht@=\dimen160
\@envbody=\toks22
\multlinegap=\skip51
\multlinetaggap=\skip52
\mathdisplay@stack=\toks23
LaTeX Info: Redefining \[ on input line 2953.
LaTeX Info: Redefining \] on input line 2954.
)
(/usr/share/texlive/texmf-dist/tex/latex/amsfonts/amssymb.sty
Package: amssymb 2013/01/14 v3.01 AMS font symbols

(/usr/share/texlive/texmf-dist/tex/latex/amsfonts/amsfonts.sty
Package: amsfonts 2013/01/14 v3.01 Basic AMSFonts support
\symAMSa=\mathgroup4
\symAMSb=\mathgroup5
LaTeX Font Info:    Redeclaring math symbol \hbar on input line 98.
LaTeX Font Info:    Overwriting math alphabet `\mathfrak' in version `bold'
(Font)                  U/euf/m/n --> U/euf/b/n on input line 106.
))
(/usr/share/texlive/texmf-dist/tex/latex/tools/array.sty
Package: array 2023/10/16 v2.5g Tabular extension package (FMi)
\col@sep=\dimen161
\ar@mcellbox=\box53
\extrarowheight=\dimen162
\NC@list=\toks24
\extratabsurround=\skip53
\backup@length=\skip54
\ar@cellbox=\box54
)
(/usr/share/texlive/texmf-dist/tex/latex/natbib/natbib.sty
Package: natbib 2010/09/13 8.31b (PWD, AO)
\bibhang=\skip55
\bibsep=\skip56
LaTeX Info: Redefining \cite on input line 694.
\c@NAT@ctr=\count288
)
(/usr/share/texlive/texmf-dist/tex/latex/subfig/subfig.sty
Package: subfig 2005/06/28 ver: 1.3 subfig package

(/usr/share/texlive/texmf-dist/tex/latex/caption/caption3.sty
Package: caption3 2023/07/31 v2.4d caption3 kernel (AR)
\caption@tempdima=\dimen163
\captionmargin=\dimen164
\caption@leftmargin=\dimen165
\caption@rightmargin=\dimen166
\caption@width=\dimen167
\caption@indent=\dimen168
\caption@parindent=\dimen169
\caption@hangindent=\dimen170
Package caption Info: Standard document class detected.
)
\c@KVtest=\count289
\sf@farskip=\skip57
\sf@captopadj=\dimen171
\sf@capskip=\skip58
\sf@nearskip=\skip59
\c@subfigure=\count290
\c@subfigure@save=\count291
\c@lofdepth=\count292
\c@subtable=\count293
\c@subtable@save=\count294
\c@lotdepth=\count295
\sf@top=\skip60
\sf@bottom=\skip61
)
(/usr/share/texlive/texmf-dist/tex/latex/titling/titling.sty
Package: titling 2009/09/04 v2.1d maketitle typesetting
\thanksmarkwidth=\skip62
\thanksmargin=\skip63
\droptitle=\skip64
)
(/usr/share/texlive/texmf-dist/tex/latex/titlesec/titlesec.sty
Package: titlesec 2023/10/27 v2.16 Sectioning titles
\ttl@box=\box55
\beforetitleunit=\skip65
\aftertitleunit=\skip66
\ttl@plus=\dimen172
\ttl@minus=\dimen173
\ttl@toksa=\toks25
\titlewidth=\dimen174
\titlewidthlast=\dimen175
\titlewidthfirst=\dimen176
)
(/usr/share/texlive/texmf-dist/tex/latex/xcolor/xcolor.sty
Package: xcolor 2023/11/15 v3.01 LaTeX color extensions (UK)

(/usr/share/texlive/texmf-dist/tex/latex/graphics-cfg/color.cfg
File: color.cfg 2016/01/02 v1.6 sample color configuration
)
Package xcolor Info: Driver file: pdftex.def on input line 274.

(/usr/share/texlive/texmf-dist/tex/latex/graphics/mathcolor.ltx)
Package xcolor Info: Model `cmy' substituted by `cmy0' on input line 1350.
Package xcolor Info: Model `hsb' substituted by `rgb' on input line 1354.
Package xcolor Info: Model `RGB' extended on input line 1366.
Package xcolor Info: Model `HTML' substituted by `rgb' on input line 1368.
Package xcolor Info: Model `Hsb' substituted by `hsb' on input line 1369.
Package xcolor Info: Model `tHsb' substituted by `hsb' on input line 1370.
Package xcolor Info: Model `HSB' substituted by `hsb' on input line 1371.
Package xcolor Info: Model `Gray' substituted by `gray' on input line 1372.
Package xcolor Info: Model `wave' substituted by `hsb' on input line 1373.
)
(/usr/share/texlive/texmf-dist/tex/latex/caption/caption.sty
Package: caption 2023/08/05 v3.6o Customizing captions (AR)
\c@caption@flags=\count296
\c@continuedfloat=\count297
)
(/usr/share/texlive/texmf-dist/tex/latex/hyperref/hyperref.sty
Package: hyperref 2024-01-20 v7.01h Hypertext links for LaTeX

(/usr/share/texlive/texmf-dist/tex/generic/kvdefinekeys/kvdefinekeys.sty
Package: kvdefinekeys 2019-12-19 v1.6 Define keys (HO)
)
(/usr/share/texlive/texmf-dist/tex/generic/pdfescape/pdfescape.sty
Package: pdfescape 2019/12/09 v1.15 Implements pdfTeX's escape features (HO)

(/usr/share/texlive/texmf-dist/tex/generic/pdftexcmds/pdftexcmds.sty
Package: pdftexcmds 2020-06-27 v0.33 Utility functions of pdfTeX for LuaTeX (HO
)

(/usr/share/texlive/texmf-dist/tex/generic/infwarerr/infwarerr.sty
Package: infwarerr 2019/12/03 v1.5 Providing info/warning/error messages (HO)
)
Package pdftexcmds Info: \pdf@primitive is available.
Package pdftexcmds Info: \pdf@ifprimitive is available.
Package pdftexcmds Info: \pdfdraftmode found.
))
(/usr/share/texlive/texmf-dist/tex/latex/hycolor/hycolor.sty
Package: hycolor 2020-01-27 v1.10 Color options for hyperref/bookmark (HO)
)
(/usr/share/texlive/texmf-dist/tex/latex/auxhook/auxhook.sty
Package: auxhook 2019-12-17 v1.6 Hooks for auxiliary files (HO)
)
(/usr/share/texlive/texmf-dist/tex/latex/hyperref/nameref.sty
Package: nameref 2023-11-26 v2.56 Cross-referencing by name of section

(/usr/share/texlive/texmf-dist/tex/latex/refcount/refcount.sty
Package: refcount 2019/12/15 v3.6 Data extraction from label references (HO)
)
(/usr/share/texlive/texmf-dist/tex/generic/gettitlestring/gettitlestring.sty
Package: gettitlestring 2019/12/15 v1.6 Cleanup title references (HO)
)
\c@section@level=\count298
)
\@linkdim=\dimen177
\Hy@linkcounter=\count299
\Hy@pagecounter=\count300

(/usr/share/texlive/texmf-dist/tex/latex/hyperref/pd1enc.def
File: pd1enc.def 2024-01-20 v7.01h Hyperref: PDFDocEncoding definition (HO)
Now handling font encoding PD1 ...
... no UTF-8 mapping file for font encoding PD1
)
(/usr/share/texlive/texmf-dist/tex/generic/intcalc/intcalc.sty
Package: intcalc 2019/12/15 v1.3 Expandable calculations with integers (HO)
)
\Hy@SavedSpaceFactor=\count301

(/usr/share/texlive/texmf-dist/tex/latex/hyperref/puenc.def
File: puenc.def 2024-01-20 v7.01h Hyperref: PDF Unicode definition (HO)
Now handling font encoding PU ...
... no UTF-8 mapping file for font encoding PU
)
Package hyperref Info: Hyper figures OFF on input line 4179.
Package hyperref Info: Link nesting OFF on input line 4184.
Package hyperref Info: Hyper index ON on input line 4187.
Package hyperref Info: Plain pages OFF on input line 4194.
Package hyperref Info: Backreferencing OFF on input line 4199.
Package hyperref Info: Implicit mode ON; LaTeX internals redefined.
Package hyperref Info: Bookmarks ON on input line 4446.
\c@Hy@tempcnt=\count302

(/usr/share/texlive/texmf-dist/tex/latex/url/url.sty
\Urlmuskip=\muskip17
Package: url 2013/09/16  ver 3.4  Verb mode for urls, etc.
)
LaTeX Info: Redefining \url on input line 4784.
\XeTeXLinkMargin=\dimen178

(/usr/share/texlive/texmf-dist/tex/generic/bitset/bitset.sty
Package: bitset 2019/12/09 v1.3 Handle bit-vector datatype (HO)

(/usr/share/texlive/texmf-dist/tex/generic/bigintcalc/bigintcalc.sty
Package: bigintcalc 2019/12/15 v1.5 Expandable calculations on big integers (HO
)
))
\Fld@menulength=\count303
\Field@Width=\dimen179
\Fld@charsize=\dimen180
Package hyperref Info: Hyper figures OFF on input line 6063.
Package hyperref Info: Link nesting OFF on input line 6068.
Package hyperref Info: Hyper index ON on input line 6071.
Package hyperref Info: backreferencing OFF on input line 6078.
Package hyperref Info: Link coloring OFF on input line 6083.
Package hyperref Info: Link coloring with OCG OFF on input line 6088.
Package hyperref Info: PDF/A mode OFF on input line 6093.

(/usr/share/texlive/texmf-dist/tex/latex/base/atbegshi-ltx.sty
Package: atbegshi-ltx 2021/01/10 v1.0c Emulation of the original atbegshi
package with kernel methods
)
\Hy@abspage=\count304
\c@Item=\count305
\c@Hfootnote=\count306
)
Package hyperref Info: Driver (autodetected): hpdftex.

(/usr/share/texlive/texmf-dist/tex/latex/hyperref/hpdftex.def
File: hpdftex.def 2024-01-20 v7.01h Hyperref driver for pdfTeX

(/usr/share/texlive/texmf-dist/tex/latex/base/atveryend-ltx.sty
Package: atveryend-ltx 2020/08/19 v1.0a Emulation of the original atveryend pac
kage
with kernel methods
)
\Fld@listcount=\count307
\c@bookmark@seq@number=\count308

(/usr/share/texlive/texmf-dist/tex/latex/rerunfilecheck/rerunfilecheck.sty
Package: rerunfilecheck 2022-07-10 v1.10 Rerun checks for auxiliary files (HO)

(/usr/share/texlive/texmf-dist/tex/generic/uniquecounter/uniquecounter.sty
Package: uniquecounter 2019/12/15 v1.4 Provide unlimited unique counter (HO)
)
Package uniquecounter Info: New unique counter `rerunfilecheck' on input line 2
85.
)
\Hy@SectionHShift=\skip67
)
Package hyperref Info: Option `colorlinks' set `true' on input line 34.

(/usr/share/texlive/texmf-dist/tex/latex/l3backend/l3backend-pdftex.def
File: l3backend-pdftex.def 2024-01-04 L3 backend support: PDF output (pdfTeX)
\l__color_backend_stack_int=\count309
\l__pdf_internal_box=\box56
)
(./user_manual.aux)
\openout1 = `user_manual.aux'.

LaTeX Font Info:    Checking defaults for OML/cmm/m/it on input line 50.
LaTeX Font Info:    ... okay on input line 50.
LaTeX Font Info:    Checking defaults for OMS/cmsy/m/n on input line 50.
LaTeX Font Info:    ... okay on input line 50.
LaTeX Font Info:    Checking defaults for OT1/cmr/m/n on input line 50.
LaTeX Font Info:    ... okay on input line 50.
LaTeX Font Info:    Checking defaults for T1/cmr/m/n on input line 50.
LaTeX Font Info:    ... okay on input line 50.
LaTeX Font Info:    Checking defaults for TS1/cmr/m/n on input line 50.
LaTeX Font Info:    ... okay on input line 50.
LaTeX Font Info:    Checking defaults for OMX/cmex/m/n on input line 50.
LaTeX Font Info:    ... okay on input line 50.
LaTeX Font Info:    Checking defaults for U/cmr/m/n on input line 50.
LaTeX Font Info:    ... okay on input line 50.
LaTeX Font Info:    Checking defaults for PD1/pdf/m/n on input line 50.
LaTeX Font Info:    ... okay on input line 50.
LaTeX Font Info:    Checking defaults for PU/pdf/m/n on input line 50.
LaTeX Font Info:    ... okay on input line 50.

isodate: babel.sty has been loaded
*geometry* driver: auto-detecting
*geometry* detected driver: pdftex
*geometry* verbose mode - [ preamble ] result:
* driver: pdftex
* paper: a4paper
* layout: <same size as paper>
* layoutoffset:(h,v)=(0.0pt,0.0pt)
* modes: 
* h-part:(L,W,R)=(56.9055pt, 483.69687pt, 56.9055pt)
* v-part:(T,H,B)=(56.9055pt, 731.23584pt, 56.9055pt)
* \paperwidth=597.50787pt
* \paperheight=845.04684pt
* \textwidth=483.69687pt
* \textheight=731.23584pt
* \oddsidemargin=-15.36449pt
* \evensidemargin=-15.36449pt
* \topmargin=-52.36449pt
* \headheight=12.0pt
* \headsep=25.0pt
* \topskip=10.0pt
* \footskip=30.0pt
* \marginparwidth=57.0pt
* \marginparsep=11.0pt
* \columnsep=10.0pt
* \skip\footins=9.0pt plus 4.0pt minus 2.0pt
* \hoffset=0.0pt
* \voffset=0.0pt
* \mag=1000
* \@twocolumnfalse
* \@twosidefalse
* \@mparswitchfalse
* \@reversemarginfalse
* (1in=72.27pt=25.4mm, 1cm=28.453pt)

(/usr/share/texlive/texmf-dist/tex/context/base/mkii/supp-pdf.mkii
[Loading MPS to PDF converter (version 2006.09.02).]
\scratchcounter=\count310
\scratchdimen=\dimen181
\scratchbox=\box57
\nofMPsegments=\count311
\nofMParguments=\count312
\everyMPshowfont=\toks26
\MPscratchCnt=\count313
\MPscratchDim=\dimen182
\MPnumerator=\count314
\makeMPintoPDFobject=\count315
\everyMPtoPDFconversion=\toks27
) (/usr/share/texlive/texmf-dist/tex/latex/epstopdf-pkg/epstopdf-base.sty
Package: epstopdf-base 2020-01-24 v2.11 Base part for package epstopdf
Package epstopdf-base Info: Redefining graphics rule for `.eps' on input line 4
85.

(/usr/share/texlive/texmf-dist/tex/latex/latexconfig/epstopdf-sys.cfg
File: epstopdf-sys.cfg 2010/07/13 v1.3 Configuration of (r)epstopdf for TeX Liv
e
))
Package caption Info: Begin \AtBeginDocument code.
Package caption Info: subfig package v1.3 is loaded.
Package caption Info: hyperref package is loaded.
Package caption Info: End \AtBeginDocument code.
Package hyperref Info: Link coloring ON on input line 50.

(./user_manual.out) (./user_manual.out)
\@outlinefile=\write3
\openout3 = `user_manual.out'.

<./figs/logo.png, id=257, 695.7192pt x 152.0079pt>
File: ./figs/logo.png Graphic file (type png)
<use ./figs/logo.png>
Package pdftex.def Info: ./figs/logo.png  used on input line 57.
(pdftex.def)             Requested size: 227.62204pt x 49.73366pt.
LaTeX Font Info:    Trying to load font information for T1+cmss on input line 5
7.

(/usr/share/texlive/texmf-dist/tex/latex/base/t1cmss.fd
File: t1cmss.fd 2023/04/13 v2.5m Standard LaTeX font definitions
)

LaTeX Font Warning: Font shape `T1/cmss/m/sc' in size <24.88> not available
(Font)              Font shape `T1/cmr/m/sc' tried instead on input line 57.


LaTeX Font Warning: Font shape `T1/cmss/bx/sc' undefined
(Font)              using `T1/cmss/bx/n' instead on input line 57.

LaTeX Font Info:    Trying to load font information for U+msa on input line 57.

(/usr/share/texlive/texmf-dist/tex/latex/amsfonts/umsa.fd
File: umsa.fd 2013/01/14 v3.01 AMS symbols A
)
LaTeX Font Info:    Trying to load font information for U+msb on input line 57.


(/usr/share/texlive/texmf-dist/tex/latex/amsfonts/umsb.fd
File: umsb.fd 2013/01/14 v3.01 AMS symbols B
)
<./figs/traj_image.jpg, id=259, 474.8139pt x 435.7881pt>
File: ./figs/traj_image.jpg Graphic file (type jpg)
<use ./figs/traj_image.jpg>
Package pdftex.def Info: ./figs/traj_image.jpg  used on input line 62.
(pdftex.def)             Requested size: 284.52756pt x 261.13573pt.
LaTeX Font Info:    Trying to load font information for T1+cmtt on input line 7
1.

(/usr/share/texlive/texmf-dist/tex/latex/base/t1cmtt.fd
File: t1cmtt.fd 2023/04/13 v2.5m Standard LaTeX font definitions
) [1

{/var/lib/texmf/fonts/map/pdftex/updmap/pdftex.map}{/usr/share/texmf/fonts/enc/
dvips/cm-super/cm-super-t1.enc} <./figs/logo.png> <./figs/traj_image.jpg>] (./u
ser_manual.toc
LaTeX Font Info:    Font shape `T1/cmtt/bx/n' in size <10> not available
(Font)              Font shape `T1/cmtt/m/n' tried instead on input line 40.

[2])
\tf@toc=\write4
\openout4 = `user_manual.toc'.

 [1]
<./figs/3D_PTV_acquisition.pdf, id=352, 285.7208pt x 142.99469pt>
File: ./figs/3D_PTV_acquisition.pdf Graphic file (type pdf)
<use ./figs/3D_PTV_acquisition.pdf>
Package pdftex.def Info: ./figs/3D_PTV_acquisition.pdf  used on input line 112.

(pdftex.def)             Requested size: 184.9429pt x 92.55705pt.
<./figs/pinhole_model.pdf, id=353, 305.83075pt x 132.51534pt>
File: ./figs/pinhole_model.pdf Graphic file (type pdf)
<use ./figs/pinhole_model.pdf>
Package pdftex.def Info: ./figs/pinhole_model.pdf  used on input line 116.
(pdftex.def)             Requested size: 184.9429pt x 80.1346pt.
<./figs/steps.pdf, id=355, 351.73837pt x 150.82877pt>
File: ./figs/steps.pdf Graphic file (type pdf)
<use ./figs/steps.pdf>
Package pdftex.def Info: ./figs/steps.pdf  used on input line 129.
(pdftex.def)             Requested size: 284.52756pt x 122.01411pt.

pdfTeX warning (ext4): destination with the same identifier (name{page.1}) has 
been already used, duplicate ignored
<to be read again> 
                   \relax 
l.147 
       [1 <./figs/3D_PTV_acquisition.pdf> <./figs/pinhole_model.pdf

pdfTeX warning: /usr/bin/pdflatex (file ./figs/pinhole_model.pdf): PDF inclusio
n: multiple pdfs with page group included in a single page
> <./figs/steps.pdf

pdfTeX warning: /usr/bin/pdflatex (file ./figs/steps.pdf): PDF inclusion: multi
ple pdfs with page group included in a single page
>]
pdfTeX warning (ext4): destination with the same identifier (name{page.2}) has 
been already used, duplicate ignored
<to be read again> 
                   \relax 
l.164 \clearpage
                 [2] [3

] [4] [5

]
Underfull \hbox (badness 10000) in paragraph at lines 504--504
[]|\T1/cmr/m/n/10 Path of the cal-i-bra-tion im-age (for ex-am-ple
 []

<./figs/initial_calibration.pdf, id=447, 1348.39464pt x 764.22066pt>
File: ./figs/initial_calibration.pdf Graphic file (type pdf)
<use ./figs/initial_calibration.pdf>
Package pdftex.def Info: ./figs/initial_calibration.pdf  used on input line 526
.
(pdftex.def)             Requested size: 483.69687pt x 274.1397pt.
[6]
<./figs/calibration_gui.png, id=458, 393.47pt x 533.995pt>
File: ./figs/calibration_gui.png Graphic file (type png)
<use ./figs/calibration_gui.png>
Package pdftex.def Info: ./figs/calibration_gui.png  used on input line 556.
(pdftex.def)             Requested size: 193.47578pt x 262.57242pt.
 [7 <./figs/initial_calibration.pdf>] [8 <./figs/calibration_gui.png>]
<./figs/Cam_pos_examples.pdf, id=489, 411.68683pt x 156.09958pt>
File: ./figs/Cam_pos_examples.pdf Graphic file (type pdf)
<use ./figs/Cam_pos_examples.pdf>
Package pdftex.def Info: ./figs/Cam_pos_examples.pdf  used on input line 617.
(pdftex.def)             Requested size: 386.95897pt x 146.73361pt.
<./figs/cal_point_file.pdf, id=490, 354.32378pt x 277.69666pt>
File: ./figs/cal_point_file.pdf Graphic file (type pdf)
<use ./figs/cal_point_file.pdf>
Package pdftex.def Info: ./figs/cal_point_file.pdf  used on input line 631.
(pdftex.def)             Requested size: 199.16928pt x 156.09804pt.
<./figs/target_file.pdf, id=491, 404.7084pt x 179.83281pt>
File: ./figs/target_file.pdf Graphic file (type pdf)
<use ./figs/target_file.pdf>
Package pdftex.def Info: ./figs/target_file.pdf  used on input line 634.
(pdftex.def)             Requested size: 256.0748pt x 113.79192pt.
<./figs/match_target_file.jpeg, id=492, 534.0753pt x 469.0323pt>
File: ./figs/match_target_file.jpeg Graphic file (type jpg)
<use ./figs/match_target_file.jpeg>
Package pdftex.def Info: ./figs/match_target_file.jpeg  used on input line 637.

(pdftex.def)             Requested size: 170.71652pt x 149.92879pt.

[9 <./figs/Cam_pos_examples.pdf>]
<./figs/Cal_error_analysis.pdf, id=511, 786.72594pt x 462.17949pt>
File: ./figs/Cal_error_analysis.pdf Graphic file (type pdf)
<use ./figs/Cal_error_analysis.pdf>
Package pdftex.def Info: ./figs/Cal_error_analysis.pdf  used on input line 690.

(pdftex.def)             Requested size: 387.45581pt x 227.62204pt.


LaTeX Warning: `!h' float specifier changed to `!ht'.

<./figs/cal_image.jpg, id=512, 351.3125pt x 306.14375pt>
File: ./figs/cal_image.jpg Graphic file (type jpg)
<use ./figs/cal_image.jpg>
Package pdftex.def Info: ./figs/cal_image.jpg  used on input line 705.
(pdftex.def)             Requested size: 195.90276pt x 170.71652pt.
<./figs/cal_error.pdf, id=513, 550.58505pt x 503.26839pt>
File: ./figs/cal_error.pdf Graphic file (type pdf)
<use ./figs/cal_error.pdf>
Package pdftex.def Info: ./figs/cal_error.pdf  used on input line 709.
(pdftex.def)             Requested size: 186.75957pt x 170.71652pt.

LaTeX Warning: `!h' float specifier changed to `!ht'.

[10 <./figs/cal_point_file.pdf> <./figs/target_file.pdf

pdfTeX warning: /usr/bin/pdflatex (file ./figs/target_file.pdf): PDF inclusion:
 multiple pdfs with page group included in a single page
> <./figs/match_target_file.jpeg>] [11 <./figs/Cal_error_analysis.pdf> <./figs/
cal_image.jpg> <./figs/cal_error.pdf

pdfTeX warning: /usr/bin/pdflatex (file ./figs/cal_error.pdf): PDF inclusion: m
ultiple pdfs with page group included in a single page
>]
Overfull \hbox (27.62885pt too wide) in paragraph at lines 734--735
[]\T1/cmr/m/n/10 After fin-ish-ing the pre-vi-ous step, for each cal-i-bra-tion
 im-age you should have a file called "XXXXX_i_cal_points"
 []


Overfull \hbox (4.80109pt too wide) in paragraph at lines 736--737
[]\T1/cmr/m/n/10 Make a new empty file called as the base name of the pre-vi-ou
s files (the "XXXXX" part of the "XXXXX_i");
 []


LaTeX Warning: Reference `sec:fibers' on page 12 undefined on input line 771.


Overfull \hbox (20.24542pt too wide) in paragraph at lines 754--813
 [][] 
 []

[12] [13]
<./figs/image_preprocessing.pdf, id=587, 612.55272pt x 317.28973pt>
File: ./figs/image_preprocessing.pdf Graphic file (type pdf)
<use ./figs/image_preprocessing.pdf>
Package pdftex.def Info: ./figs/image_preprocessing.pdf  used on input line 868
.
(pdftex.def)             Requested size: 483.69687pt x 250.54962pt.
<./figs/Labeling_vs_Dilation.pdf, id=589, 478.0878pt x 263.99626pt>
File: ./figs/Labeling_vs_Dilation.pdf Graphic file (type pdf)
<use ./figs/Labeling_vs_Dilation.pdf>
Package pdftex.def Info: ./figs/Labeling_vs_Dilation.pdf  used on input line 88
9.
(pdftex.def)             Requested size: 256.0748pt x 141.40779pt.


LaTeX Warning: `!h' float specifier changed to `!ht'.

[14{/usr/share/texmf/fonts/enc/dvips/cm-super/cm-super-ts1.enc} <./figs/image_p
reprocessing.pdf>]
<./figs/filters_effect.pdf, id=619, 1115.71849pt x 756.45815pt>
File: ./figs/filters_effect.pdf Graphic file (type pdf)
<use ./figs/filters_effect.pdf>
Package pdftex.def Info: ./figs/filters_effect.pdf  used on input line 915.
(pdftex.def)             Requested size: 341.43306pt x 231.48698pt.
 [15 <./figs/Labeling_vs_Dilation.pdf> <./figs/filters_effect.pdf

pdfTeX warning: /usr/bin/pdflatex (file ./figs/filters_effect.pdf): PDF inclusi
on: multiple pdfs with page group included in a single page
>]
<./figs/fiber_pca.jpg, id=659, 710.436pt x 377.994pt>
File: ./figs/fiber_pca.jpg Graphic file (type jpg)
<use ./figs/fiber_pca.jpg>
Package pdftex.def Info: ./figs/fiber_pca.jpg  used on input line 936.
(pdftex.def)             Requested size: 341.43306pt x 181.66576pt.
 [16 <./figs/fiber_pca.jpg>] [17] [18] [19]
<./figs/2D_tracking_setup.pdf, id=708, 359.69543pt x 273.00352pt>
File: ./figs/2D_tracking_setup.pdf Graphic file (type pdf)
<use ./figs/2D_tracking_setup.pdf>
Package pdftex.def Info: ./figs/2D_tracking_setup.pdf  used on input line 1235.

(pdftex.def)             Requested size: 227.62204pt x 172.76378pt.
 [20 <./figs/2D_tracking_setup.pdf>]
<./figs/man_match.pdf, id=735, 597.50786pt x 845.04686pt>
File: ./figs/man_match.pdf Graphic file (type pdf)
<use ./figs/man_match.pdf>
Package pdftex.def Info: ./figs/man_match.pdf  used on input line 1315.
(pdftex.def)             Requested size: 341.43306pt x 482.88089pt.
<./figs/fiber_epipolar_planes.jpg, id=743, 805.044pt x 501.729pt>
File: ./figs/fiber_epipolar_planes.jpg Graphic file (type jpg)
<use ./figs/fiber_epipolar_planes.jpg>
Package pdftex.def Info: ./figs/fiber_epipolar_planes.jpg  used on input line 1
338.
(pdftex.def)             Requested size: 341.43306pt x 212.7918pt.
 [21] [22 <./figs/man_match.pdf>] [23 <./figs/fiber_epipolar_planes.jpg>]
<./figs/trajectory_plot.pdf, id=780, 459.96844pt x 392.96812pt>
File: ./figs/trajectory_plot.pdf Graphic file (type pdf)
<use ./figs/trajectory_plot.pdf>
Package pdftex.def Info: ./figs/trajectory_plot.pdf  used on input line 1406.
(pdftex.def)             Requested size: 227.62204pt x 194.46884pt.

[24 <./figs/trajectory_plot.pdf>]
LaTeX Font Info:    Font shape `T1/cmtt/bx/n' in size <14.4> not available
(Font)              Font shape `T1/cmtt/m/n' tried instead on input line 1474.
LaTeX Font Info:    Font shape `T1/cmtt/bx/n' in size <12> not available
(Font)              Font shape `T1/cmtt/m/n' tried instead on input line 1481.
<./figs/camera_files.pdf, id=802, 508.10204pt x 141.02348pt>
File: ./figs/camera_files.pdf Graphic file (type pdf)
<use ./figs/camera_files.pdf>
Package pdftex.def Info: ./figs/camera_files.pdf  used on input line 1511.
(pdftex.def)             Requested size: 483.69687pt x 134.25128pt.
 [25

 <./figs/camera_files.pdf>] [26] [27]
<./figs/blob_file.pdf, id=884, 223.10614pt x 155.32921pt>
File: ./figs/blob_file.pdf Graphic file (type pdf)
<use ./figs/blob_file.pdf>
Package pdftex.def Info: ./figs/blob_file.pdf  used on input line 1710.
(pdftex.def)             Requested size: 284.52756pt x 198.10016pt.

[28 <./figs/blob_file.pdf>]
<./figs/particle_file.pdf, id=910, 390.14703pt x 291.52518pt>
File: ./figs/particle_file.pdf Graphic file (type pdf)
<use ./figs/particle_file.pdf>
Package pdftex.def Info: ./figs/particle_file.pdf  used on input line 1787.
(pdftex.def)             Requested size: 341.43306pt x 255.13727pt.
 [29] [30 <./figs/particle_file.pdf>]
<./figs/trajectory_files.pdf, id=949, 470.98941pt x 297.17282pt>
File: ./figs/trajectory_files.pdf Graphic file (type pdf)
<use ./figs/trajectory_files.pdf>
Package pdftex.def Info: ./figs/trajectory_files.pdf  used on input line 1858.
(pdftex.def)             Requested size: 284.52756pt x 179.52937pt.
<./figs/smoothed_trajfile.pdf, id=955, 514.2885pt x 471.065pt>
File: ./figs/smoothed_trajfile.pdf Graphic file (type pdf)
<use ./figs/smoothed_trajfile.pdf>
Package pdftex.def Info: ./figs/smoothed_trajfile.pdf  used on input line 1904.

(pdftex.def)             Requested size: 341.43306pt x 312.73677pt.
 [31 <./figs/trajectory_files.pdf>] (./user_manual.bbl [32 <./figs/smoothed_tra
jfile.pdf>])
[33] (./user_manual.aux)
 ***********
LaTeX2e <2023-11-01> patch level 1
L3 programming layer <2024-01-22>
 ***********


LaTeX Font Warning: Some font shapes were not available, defaults substituted.


LaTeX Warning: There were undefined references.

Package rerunfilecheck Info: File `user_manual.out' has not changed.
(rerunfilecheck)             Checksum: D43774B8ACB955D40618FE8E17399B4F;13127.
 ) 
Here is how much of TeX's memory you used:
 15148 strings out of 476182
 239873 string characters out of 5795595
 1946975 words of memory out of 5000000
 36660 multiletter control sequences out of 15000+600000
 585958 words of font info for 102 fonts, out of 8000000 for 9000
 14 hyphenation exceptions out of 8191
 69i,14n,79p,1200b,591s stack positions out of 10000i,1000n,20000p,200000b,200000s
</usr/share/texlive/texmf-dist/fonts/type1/public/amsfonts/cm/cmbx10.pfb></us
r/share/texlive/texmf-dist/fonts/type1/public/amsfonts/cm/cmex10.pfb></usr/shar
e/texlive/texmf-dist/fonts/type1/public/amsfonts/cm/cmmi10.pfb></usr/share/texl
ive/texmf-dist/fonts/type1/public/amsfonts/cm/cmmi7.pfb></usr/share/texlive/tex
mf-dist/fonts/type1/public/amsfonts/cm/cmr10.pfb></usr/share/texlive/texmf-dist
/fonts/type1/public/amsfonts/cm/cmr7.pfb></usr/share/texlive/texmf-dist/fonts/t
ype1/public/amsfonts/cm/cmsy10.pfb></usr/share/texlive/texmf-dist/fonts/type1/p
ublic/amsfonts/cm/cmsy7.pfb></usr/share/texmf/fonts/type1/public/lm/lmr10.pfb><
/usr/share/texmf/fonts/type1/public/cm-super/sfbi1000.pfb></usr/share/texmf/fon
ts/type1/public/cm-super/sfbx1000.pfb></usr/share/texmf/fonts/type1/public/cm-s
uper/sfbx1200.pfb></usr/share/texmf/fonts/type1/public/cm-super/sfbx1440.pfb></
usr/share/texmf/fonts/type1/public/cm-super/sfrm0600.pfb></usr/share/texmf/font
s/type1/public/cm-super/sfrm0700.pfb></usr/share/texmf/fonts/type1/public/cm-su
per/sfrm0800.pfb></usr/share/texmf/fonts/type1/public/cm-super/sfrm1000.pfb></u
sr/share/texmf/fonts/type1/public/cm-super/sfss0900.pfb></usr/share/texmf/fonts
/type1/public/cm-super/sfsx2488.pfb></usr/share/texmf/fonts/type1/public/cm-sup
er/sfti1000.pfb></usr/share/texmf/fonts/type1/public/cm-super/sftt0800.pfb></us
r/share/texmf/fonts/type1/public/cm-super/sftt0900.pfb></usr/share/texmf/fonts/
type1/public/cm-super/sftt1000.pfb></usr/share/texmf/fonts/type1/public/cm-supe
r/sftt1200.pfb></usr/share/texmf/fonts/type1/public/cm-super/sftt1440.pfb>
Output written on user_manual.pdf (36 pages, 6622754 bytes).
PDF statistics:
 1166 PDF objects out of 1200 (max. 8388607)
 981 compressed objects within 10 object streams
 262 named destinations out of 1000 (max. 500000)
 640 words of extra memory for PDF output out of 10000 (max. 10000000)

